<?xml version="1.0" encoding="UTF-8"?>
<!-- Generated by org.testng.reporters.JUnitReportReporter -->
<testsuite hostname="Ela" failures="0" tests="24" name="testRunner.TestRunner" time="221.002" errors="0" timestamp="2025-06-27T01:40:19 CDT" skipped="0">
  <testcase classname="testRunner.TestRunner" name="runScenario" time="14.917"/>
  <testcase classname="testRunner.TestRunner" name="runScenario" time="6.807"/>
  <testcase classname="testRunner.TestRunner" name="runScenario" time="14.237"/>
  <testcase classname="testRunner.TestRunner" name="runScenario" time="16.872"/>
  <testcase classname="testRunner.TestRunner" name="runScenario" time="9.439"/>
  <testcase classname="testRunner.TestRunner" name="runScenario" time="0.364"/>
  <testcase classname="testRunner.TestRunner" name="runScenario" time="13.292"/>
  <testcase classname="testRunner.TestRunner" name="runScenario" time="8.690"/>
  <testcase classname="testRunner.TestRunner" name="runScenario" time="15.904"/>
  <testcase classname="testRunner.TestRunner" name="runScenario" time="6.795"/>
  <testcase classname="testRunner.TestRunner" name="runScenario" time="9.772"/>
  <testcase classname="testRunner.TestRunner" name="runScenario" time="0.131"/>
  <testcase classname="testRunner.TestRunner" name="runScenario" time="10.426"/>
  <testcase classname="testRunner.TestRunner" name="runScenario" time="6.801"/>
  <testcase classname="testRunner.TestRunner" name="runScenario" time="7.086"/>
  <testcase classname="testRunner.TestRunner" name="runScenario" time="6.882"/>
  <testcase classname="testRunner.TestRunner" name="runScenario" time="15.504"/>
  <testcase classname="testRunner.TestRunner" name="runScenario" time="10.448"/>
  <testcase classname="testRunner.TestRunner" name="runScenario" time="0.063"/>
  <testcase classname="testRunner.TestRunner" name="runScenario" time="11.947"/>
  <testcase classname="testRunner.TestRunner" name="runScenario" time="10.329"/>
  <testcase classname="testRunner.TestRunner" name="runScenario" time="10.597"/>
  <testcase classname="testRunner.TestRunner" name="runScenario" time="6.794"/>
  <testcase classname="testRunner.TestRunner" name="runScenario" time="6.905"/>
</testsuite> <!-- testRunner.TestRunner -->
