<?xml version="1.0" encoding="UTF-8"?>
<!-- Generated by org.testng.reporters.JUnitReportReporter -->
<testsuite hostname="Ela" failures="0" tests="24" name="testRunner.TestRunner" time="551.053" errors="0" timestamp="2025-06-27T00:49:00 CDT" skipped="0">
  <testcase classname="testRunner.TestRunner" name="runScenario" time="19.357"/>
  <testcase classname="testRunner.TestRunner" name="runScenario" time="0.027"/>
  <testcase classname="testRunner.TestRunner" name="runScenario" time="19.696"/>
  <testcase classname="testRunner.TestRunner" name="runScenario" time="30.167"/>
  <testcase classname="testRunner.TestRunner" name="runScenario" time="37.289"/>
  <testcase classname="testRunner.TestRunner" name="runScenario" time="26.463"/>
  <testcase classname="testRunner.TestRunner" name="runScenario" time="0.101"/>
  <testcase classname="testRunner.TestRunner" name="runScenario" time="19.661"/>
  <testcase classname="testRunner.TestRunner" name="runScenario" time="29.878"/>
  <testcase classname="testRunner.TestRunner" name="runScenario" time="19.780"/>
  <testcase classname="testRunner.TestRunner" name="runScenario" time="30.169"/>
  <testcase classname="testRunner.TestRunner" name="runScenario" time="30.301"/>
  <testcase classname="testRunner.TestRunner" name="runScenario" time="27.545"/>
  <testcase classname="testRunner.TestRunner" name="runScenario" time="30.203"/>
  <testcase classname="testRunner.TestRunner" name="runScenario" time="35.196"/>
  <testcase classname="testRunner.TestRunner" name="runScenario" time="22.870"/>
  <testcase classname="testRunner.TestRunner" name="runScenario" time="0.202"/>
  <testcase classname="testRunner.TestRunner" name="runScenario" time="30.179"/>
  <testcase classname="testRunner.TestRunner" name="runScenario" time="19.662"/>
  <testcase classname="testRunner.TestRunner" name="runScenario" time="30.173"/>
  <testcase classname="testRunner.TestRunner" name="runScenario" time="19.474"/>
  <testcase classname="testRunner.TestRunner" name="runScenario" time="22.903"/>
  <testcase classname="testRunner.TestRunner" name="runScenario" time="19.673"/>
  <testcase classname="testRunner.TestRunner" name="runScenario" time="30.084"/>
</testsuite> <!-- testRunner.TestRunner -->
