<?xml version="1.0" encoding="UTF-8"?>
<!-- Generated by org.testng.reporters.JUnitReportReporter -->
<testsuite hostname="Ela" failures="0" tests="24" name="testRunner.TestRunner" time="399.805" errors="0" timestamp="2025-06-27T00:27:17 CDT" skipped="0">
  <testcase classname="testRunner.TestRunner" name="runScenario" time="16.814"/>
  <testcase classname="testRunner.TestRunner" name="runScenario" time="13.788"/>
  <testcase classname="testRunner.TestRunner" name="runScenario" time="13.757"/>
  <testcase classname="testRunner.TestRunner" name="runScenario" time="28.742"/>
  <testcase classname="testRunner.TestRunner" name="runScenario" time="27.160"/>
  <testcase classname="testRunner.TestRunner" name="runScenario" time="0.127"/>
  <testcase classname="testRunner.TestRunner" name="runScenario" time="13.757"/>
  <testcase classname="testRunner.TestRunner" name="runScenario" time="26.796"/>
  <testcase classname="testRunner.TestRunner" name="runScenario" time="13.757"/>
  <testcase classname="testRunner.TestRunner" name="runScenario" time="28.523"/>
  <testcase classname="testRunner.TestRunner" name="runScenario" time="17.444"/>
  <testcase classname="testRunner.TestRunner" name="runScenario" time="17.209"/>
  <testcase classname="testRunner.TestRunner" name="runScenario" time="17.165"/>
  <testcase classname="testRunner.TestRunner" name="runScenario" time="20.679"/>
  <testcase classname="testRunner.TestRunner" name="runScenario" time="25.756"/>
  <testcase classname="testRunner.TestRunner" name="runScenario" time="17.257"/>
  <testcase classname="testRunner.TestRunner" name="runScenario" time="0.275"/>
  <testcase classname="testRunner.TestRunner" name="runScenario" time="25.750"/>
  <testcase classname="testRunner.TestRunner" name="runScenario" time="13.670"/>
  <testcase classname="testRunner.TestRunner" name="runScenario" time="13.637"/>
  <testcase classname="testRunner.TestRunner" name="runScenario" time="0.109"/>
  <testcase classname="testRunner.TestRunner" name="runScenario" time="16.924"/>
  <testcase classname="testRunner.TestRunner" name="runScenario" time="13.650"/>
  <testcase classname="testRunner.TestRunner" name="runScenario" time="17.059"/>
</testsuite> <!-- testRunner.TestRunner -->
