<?xml version="1.0" encoding="UTF-8"?>
<!-- Generated by org.testng.reporters.JUnitReportReporter -->
<testsuite hostname="Ela" failures="0" tests="24" name="testRunner.TestRunner" time="371.625" errors="0" timestamp="2025-06-27T01:05:37 CDT" skipped="0">
  <testcase classname="testRunner.TestRunner" name="runScenario" time="25.347"/>
  <testcase classname="testRunner.TestRunner" name="runScenario" time="15.365"/>
  <testcase classname="testRunner.TestRunner" name="runScenario" time="15.688"/>
  <testcase classname="testRunner.TestRunner" name="runScenario" time="0.415"/>
  <testcase classname="testRunner.TestRunner" name="runScenario" time="13.419"/>
  <testcase classname="testRunner.TestRunner" name="runScenario" time="13.422"/>
  <testcase classname="testRunner.TestRunner" name="runScenario" time="0.058"/>
  <testcase classname="testRunner.TestRunner" name="runScenario" time="19.687"/>
  <testcase classname="testRunner.TestRunner" name="runScenario" time="13.496"/>
  <testcase classname="testRunner.TestRunner" name="runScenario" time="15.608"/>
  <testcase classname="testRunner.TestRunner" name="runScenario" time="13.343"/>
  <testcase classname="testRunner.TestRunner" name="runScenario" time="25.823"/>
  <testcase classname="testRunner.TestRunner" name="runScenario" time="15.543"/>
  <testcase classname="testRunner.TestRunner" name="runScenario" time="13.500"/>
  <testcase classname="testRunner.TestRunner" name="runScenario" time="25.671"/>
  <testcase classname="testRunner.TestRunner" name="runScenario" time="15.492"/>
  <testcase classname="testRunner.TestRunner" name="runScenario" time="13.503"/>
  <testcase classname="testRunner.TestRunner" name="runScenario" time="0.099"/>
  <testcase classname="testRunner.TestRunner" name="runScenario" time="13.117"/>
  <testcase classname="testRunner.TestRunner" name="runScenario" time="24.943"/>
  <testcase classname="testRunner.TestRunner" name="runScenario" time="21.993"/>
  <testcase classname="testRunner.TestRunner" name="runScenario" time="15.590"/>
  <testcase classname="testRunner.TestRunner" name="runScenario" time="25.454"/>
  <testcase classname="testRunner.TestRunner" name="runScenario" time="15.049"/>
</testsuite> <!-- testRunner.TestRunner -->
