<?xml version="1.0" encoding="UTF-8"?>
<!-- Generated by org.testng.reporters.JUnitReportReporter -->
<testsuite hostname="Ela" failures="0" tests="24" name="testRunner.TestRunner" time="455.557" errors="0" timestamp="2025-06-26T21:17:26 CDT" skipped="0">
  <testcase classname="testRunner.TestRunner" name="runScenario" time="31.789"/>
  <testcase classname="testRunner.TestRunner" name="runScenario" time="30.872"/>
  <testcase classname="testRunner.TestRunner" name="runScenario" time="24.748"/>
  <testcase classname="testRunner.TestRunner" name="runScenario" time="31.874"/>
  <testcase classname="testRunner.TestRunner" name="runScenario" time="21.529"/>
  <testcase classname="testRunner.TestRunner" name="runScenario" time="29.744"/>
  <testcase classname="testRunner.TestRunner" name="runScenario" time="21.302"/>
  <testcase classname="testRunner.TestRunner" name="runScenario" time="15.723"/>
  <testcase classname="testRunner.TestRunner" name="runScenario" time="14.862"/>
  <testcase classname="testRunner.TestRunner" name="runScenario" time="21.377"/>
  <testcase classname="testRunner.TestRunner" name="runScenario" time="21.468"/>
  <testcase classname="testRunner.TestRunner" name="runScenario" time="27.303"/>
  <testcase classname="testRunner.TestRunner" name="runScenario" time="0.089"/>
  <testcase classname="testRunner.TestRunner" name="runScenario" time="0.312"/>
  <testcase classname="testRunner.TestRunner" name="runScenario" time="15.867"/>
  <testcase classname="testRunner.TestRunner" name="runScenario" time="19.304"/>
  <testcase classname="testRunner.TestRunner" name="runScenario" time="0.075"/>
  <testcase classname="testRunner.TestRunner" name="runScenario" time="15.873"/>
  <testcase classname="testRunner.TestRunner" name="runScenario" time="21.437"/>
  <testcase classname="testRunner.TestRunner" name="runScenario" time="23.153"/>
  <testcase classname="testRunner.TestRunner" name="runScenario" time="15.856"/>
  <testcase classname="testRunner.TestRunner" name="runScenario" time="19.420"/>
  <testcase classname="testRunner.TestRunner" name="runScenario" time="15.777"/>
  <testcase classname="testRunner.TestRunner" name="runScenario" time="15.803"/>
</testsuite> <!-- testRunner.TestRunner -->
