<?xml version="1.0" encoding="UTF-8"?>
<!-- Generated by org.testng.reporters.JUnitReportReporter -->
<testsuite hostname="Ela" failures="0" tests="21" name="testRunner.TestRunner" time="215.375" errors="0" timestamp="2025-06-27T16:32:32 CDT" skipped="0">
  <testcase classname="testRunner.TestRunner" name="runScenario" time="8.161"/>
  <testcase classname="testRunner.TestRunner" name="runScenario" time="8.311"/>
  <testcase classname="testRunner.TestRunner" name="runScenario" time="14.769"/>
  <testcase classname="testRunner.TestRunner" name="runScenario" time="10.000"/>
  <testcase classname="testRunner.TestRunner" name="runScenario" time="15.745"/>
  <testcase classname="testRunner.TestRunner" name="runScenario" time="7.075"/>
  <testcase classname="testRunner.TestRunner" name="runScenario" time="8.025"/>
  <testcase classname="testRunner.TestRunner" name="runScenario" time="18.448"/>
  <testcase classname="testRunner.TestRunner" name="runScenario" time="0.128"/>
  <testcase classname="testRunner.TestRunner" name="runScenario" time="11.697"/>
  <testcase classname="testRunner.TestRunner" name="runScenario" time="11.777"/>
  <testcase classname="testRunner.TestRunner" name="runScenario" time="7.781"/>
  <testcase classname="testRunner.TestRunner" name="runScenario" time="11.808"/>
  <testcase classname="testRunner.TestRunner" name="runScenario" time="0.372"/>
  <testcase classname="testRunner.TestRunner" name="runScenario" time="14.895"/>
  <testcase classname="testRunner.TestRunner" name="runScenario" time="11.846"/>
  <testcase classname="testRunner.TestRunner" name="runScenario" time="0.085"/>
  <testcase classname="testRunner.TestRunner" name="runScenario" time="8.011"/>
  <testcase classname="testRunner.TestRunner" name="runScenario" time="11.732"/>
  <testcase classname="testRunner.TestRunner" name="runScenario" time="15.896"/>
  <testcase classname="testRunner.TestRunner" name="runScenario" time="18.813"/>
</testsuite> <!-- testRunner.TestRunner -->
